
After push(2)
 2   

[ 2 ]


After push(14)
   2     
  /      
 14      

[ 2 14 ]


After push(4)
   2     
  / \    
 14  4   

[ 2 14 4 ]


After push(13)
       2         
     /   \       
   13      4     
  /              
 14              

[ 2 13 4 14 ]


After push(6)
       2         
     /   \       
   6       4     
  / \            
 14  13          

[ 2 6 4 14 13 ]


After push(10)
       2         
     /   \       
   6       4     
  / \     /      
 14  13  10      

[ 2 6 4 14 13 10 ]


After push(8)
       2         
     /   \       
   6       4     
  / \     / \    
 14  13  10  8   

[ 2 6 4 14 13 10 8 ]


After push(11)
            __ 2 __              
         __/       \__           
       6               4         
     /   \           /   \       
   11      13      10      8     
  /                              
 14                              

[ 2 6 4 11 13 10 8 14 ]


After push(12)
            __ 2 __              
         __/       \__           
       6               4         
     /   \           /   \       
   11      13      10      8     
  / \                            
 14  12                          

[ 2 6 4 11 13 10 8 14 12 ]


After push(3)
            __ 2 __              
         __/       \__           
       3               4         
     /   \           /   \       
   11      6       10      8     
  / \     /                      
 14  12  13                      

[ 2 3 4 11 6 10 8 14 12 13 ]


After push(9)
            __ 2 __              
         __/       \__           
       3               4         
     /   \           /   \       
   11      6       10      8     
  / \     / \                    
 14  12  13  9                   

[ 2 3 4 11 6 10 8 14 12 13 9 ]


After push(1)
            __ 1 __              
         __/       \__           
       3               2         
     /   \           /   \       
   11      6       4       8     
  / \     / \     /              
 14  12  13  9   10              

[ 1 3 2 11 6 4 8 14 12 13 9 10 ]


After push(0)
            __ 0 __              
         __/       \__           
       3               1         
     /   \           /   \       
   11      6       2       8     
  / \     / \     / \            
 14  12  13  9   10  4           

[ 0 3 1 11 6 2 8 14 12 13 9 10 4 ]


After push(7)
            __ 0 __              
         __/       \__           
       3               1         
     /   \           /   \       
   11      6       2       7     
  / \     / \     / \     /      
 14  12  13  9   10  4   8       

[ 0 3 1 11 6 2 7 14 12 13 9 10 4 8 ]


After push(5)
            __ 0 __              
         __/       \__           
       3               1         
     /   \           /   \       
   11      6       2       5     
  / \     / \     / \     / \    
 14  12  13  9   10  4   8   7   

[ 0 3 1 11 6 2 5 14 12 13 9 10 4 8 7 ]

Original Heap:
            __ 0 __              
         __/       \__           
       1               2         
     /   \           /   \       
   3       4       7       5     
  / \     / \     / \     / \    
 12  6   9   10  8   13  14  11  

[ 0 1 2 3 4 7 5 12 6 9 10 8 13 14 11 ]


After pop(0)
            __ 1 __              
         __/       \__           
       3               2         
     /   \           /   \       
   6       4       7       5     
  / \     / \     / \     /      
 12  11  9   10  8   13  14      

[ 1 3 2 6 4 7 5 12 11 9 10 8 13 14 ]


After pop(1)
            __ 2 __              
         __/       \__           
       3               5         
     /   \           /   \       
   6       4       7       14    
  / \     / \     / \            
 12  11  9   10  8   13          

[ 2 3 5 6 4 7 14 12 11 9 10 8 13 ]


After pop(2)
            __ 3 __              
         __/       \__           
       4               5         
     /   \           /   \       
   6       9       7       14    
  / \     / \     /              
 12  11  13  10  8               

[ 3 4 5 6 9 7 14 12 11 13 10 8 ]


After pop(3)
            __ 4 __              
         __/       \__           
       6               5         
     /   \           /   \       
   8       9       7       14    
  / \     / \                    
 12  11  13  10                  

[ 4 6 5 8 9 7 14 12 11 13 10 ]


After pop(4)
            __ 5 __              
         __/       \__           
       6               7         
     /   \           /   \       
   8       9       10      14    
  / \     /                      
 12  11  13                      

[ 5 6 7 8 9 10 14 12 11 13 ]


After pop(5)
            __ 6 __              
         __/       \__           
       8               7         
     /   \           /   \       
   11      9       10      14    
  / \                            
 12  13                          

[ 6 8 7 11 9 10 14 12 13 ]


After pop(6)
            __ 7 __              
         __/       \__           
       8               10        
     /   \           /   \       
   11      9       13      14    
  /                              
 12                              

[ 7 8 10 11 9 13 14 12 ]


After pop(7)
       8         
     /   \       
   9       10    
  / \     / \    
 11  12  13  14  

[ 8 9 10 11 12 13 14 ]


After pop(8)
       9         
     /   \       
   11      10    
  / \     /      
 14  12  13      

[ 9 11 10 14 12 13 ]


After pop(9)
       10        
     /   \       
   11      13    
  / \            
 14  12          

[ 10 11 13 14 12 ]


After pop(10)
       11        
     /   \       
   12      13    
  /              
 14              

[ 11 12 13 14 ]


After pop(11)
   12    
  / \    
 14  13  

[ 12 14 13 ]


After pop(12)
   13    
  /      
 14      

[ 13 14 ]


After pop(13)
 14  

[ 14 ]


After pop(14)
(empty)

[ ]

~ Original array: ~
[ 5 8 10 13 12 14 11 7 9 6 3 1 0 2 4 ]

~ After buildheap: ~
            __ 0 __              
         __/       \__           
       1               2         
     /   \           /   \       
   6       3       8       4     
  / \     / \     / \     / \    
 9   12  10  14  11  13  7   5   

[ 0 1 2 6 3 8 4 9 12 10 14 11 13 7 5 ]

~ Original array: ~
[ 5 8 10 13 12 4 11 7 9 6 3 1 0 2 ]

~ After buildheap: ~
            __ 0 __              
         __/       \__           
       1               2         
     /   \           /   \       
   6       3       8       5     
  / \     / \     / \     /      
 9   12  10  4   11  13  7       

[ 0 1 2 6 3 8 5 9 12 10 4 11 13 7 ]

