~~~~~~~~~~~~~~~~~~~~~~~~~~~~~~~~~~~~~~~~~~~~~~~~~~~~~~~~~~~~~~~~~~~~~~~~~~~~~~~
Tree - random unordered tree
~~~~~~~~~~~~~~~~~~~~~~~~~~~~~~~~~~~~~~~~~~~~~~~~~~~~~~~~~~~~~~~~~~~~~~~~~~~~~~~
height: 4
ordered: false
sumDistances: 21
                        ______ 8 ______                          
                 ______/               \______                   
               1 __                         __ 10 _              
                   \__                   __/       \__           
                       2               5               6         
                         \           /                   \       
                           4       9                       3     
                                  /                              
                                 7                               

printLeftRight: 1 2 4 8 7 9 5 10 6 3 
Path: 8 1 2 4 
Path: 8 10 5 9 7 
Path: 8 10 6 3 


~~~~~~~~~~~~~~~~~~~~~~~~~~~~~~~~~~~~~~~~~~~~~~~~~~~~~~~~~~~~~~~~~~~~~~~~~~~~~~~
Mirrored - the mirror image of the above tree
~~~~~~~~~~~~~~~~~~~~~~~~~~~~~~~~~~~~~~~~~~~~~~~~~~~~~~~~~~~~~~~~~~~~~~~~~~~~~~~
height: 4
ordered: false
sumDistances: 21
                        ______ 8 ______                          
                 ______/               \______                   
            __ 10 _                         __ 1                 
         __/       \__                   __/                     
       6               5               2                         
     /                   \           /                           
   3                       9       4                             
                            \                                    
                             7                                   

printLeftRight: 3 6 10 5 9 7 8 4 2 1 
Path: 8 10 6 3 
Path: 8 10 5 9 7 
Path: 8 1 2 4 


~~~~~~~~~~~~~~~~~~~~~~~~~~~~~~~~~~~~~~~~~~~~~~~~~~~~~~~~~~~~~~~~~~~~~~~~~~~~~~~
BST - random ordered tree
~~~~~~~~~~~~~~~~~~~~~~~~~~~~~~~~~~~~~~~~~~~~~~~~~~~~~~~~~~~~~~~~~~~~~~~~~~~~~~~
height: 4
ordered: true
sumDistances: 21
                        ______ 4 ______                          
                 ______/               \______                   
               1 __                         __ 7 __              
                   \__                   __/       \__           
                       3               6               8         
                     /               /                   \       
                   2               5                       10    
                                                          /      
                                                         9       

printLeftRight: 1 2 3 4 5 6 7 8 9 10 
Path: 4 1 3 2 
Path: 4 7 6 5 
Path: 4 7 8 10 9 


~~~~~~~~~~~~~~~~~~~~~~~~~~~~~~~~~~~~~~~~~~~~~~~~~~~~~~~~~~~~~~~~~~~~~~~~~~~~~~~
BST Mirrored - the mirror image of the above BST
~~~~~~~~~~~~~~~~~~~~~~~~~~~~~~~~~~~~~~~~~~~~~~~~~~~~~~~~~~~~~~~~~~~~~~~~~~~~~~~
height: 4
ordered: false
sumDistances: 21
                        ______ 4 ______                          
                 ______/               \______                   
            __ 7 __                         __ 1                 
         __/       \__                   __/                     
       8               6               3                         
     /                   \               \                       
   10                      5               2                     
    \                                                            
     9                                                           

printLeftRight: 10 9 8 7 6 5 4 3 2 1 
Path: 4 7 8 10 9 
Path: 4 7 6 5 
Path: 4 1 3 2 


~~~~~~~~~~~~~~~~~~~~~~~~~~~~~~~~~~~~~~~~~~~~~~~~~~~~~~~~~~~~~~~~~~~~~~~~~~~~~~~
Almost BST - a tree that has one element out of place
~~~~~~~~~~~~~~~~~~~~~~~~~~~~~~~~~~~~~~~~~~~~~~~~~~~~~~~~~~~~~~~~~~~~~~~~~~~~~~~
height: 4
ordered: false
sumDistances: 22
                        ______ 3 ______                          
                 ______/               \______                   
            __ 2                            __ 8 __              
         __/                             __/       \__           
       9                               7               10        
     /                               /                           
   1                               5                             
                                  / \                            
                                 4   6                           

printLeftRight: 1 9 2 3 4 5 6 7 8 10 
Path: 3 2 9 1 
Path: 3 8 7 5 4 
Path: 3 8 7 5 6 
Path: 3 8 10 


